# Logfile created on 2017-04-06 19:13:48 +0300 by logger.rb/54362
  INFO ---------------------------------------------------------------------------
  INFO START 2017-04-06 19:13:48 +0300 cap production deploy
  INFO ---------------------------------------------------------------------------
 DEBUG [2ccc0388] Running [ -d ~/.rvm ] as andrew@videolist.com.ua
 DEBUG [2ccc0388] Command: [ -d ~/.rvm ]
 DEBUG [2ccc0388] Finished in 0.852 seconds with exit status 0 (successful).
 DEBUG [7b9bac46] Running ~/.rvm/bin/rvm version as andrew@videolist.com.ua
 DEBUG [7b9bac46] Command: ~/.rvm/bin/rvm version
 DEBUG [7b9bac46] 	rvm 1.29.1 (latest) by Michal Papis, Piotr Kuczynski, Wayne E. Seguin [https://rvm.io/]
 DEBUG [7b9bac46] Finished in 0.873 seconds with exit status 0 (successful).
 DEBUG [5b8ed62e] Running ~/.rvm/bin/rvm current as andrew@videolist.com.ua
 DEBUG [5b8ed62e] Command: ~/.rvm/bin/rvm current
 DEBUG [5b8ed62e] 	ruby-2.3.1
 DEBUG [5b8ed62e] Finished in 0.297 seconds with exit status 0 (successful).
 DEBUG [b6ba5c6e] Running ~/.rvm/bin/rvm 2.3.1@bdgt_rails5 do ruby --version as andrew@videolist.com.ua
 DEBUG [b6ba5c6e] Command: ~/.rvm/bin/rvm 2.3.1@bdgt_rails5 do ruby --version
 DEBUG [b6ba5c6e] 	ruby 2.3.1p112 (2016-04-26 revision 54768) [x86_64-linux]
 DEBUG [b6ba5c6e] Finished in 0.579 seconds with exit status 0 (successful).
  INFO [07603ab1] Running /usr/bin/env mkdir -p /tmp as andrew@videolist.com.ua
 DEBUG [07603ab1] Command: /usr/bin/env mkdir -p /tmp
  INFO [07603ab1] Finished in 0.095 seconds with exit status 0 (successful).
 DEBUG Uploading /tmp/git-ssh-bdgt-production-amelchenko.sh 0.0%
  INFO Uploading /tmp/git-ssh-bdgt-production-amelchenko.sh 100.0%
  INFO [562d3d31] Running /usr/bin/env chmod 700 /tmp/git-ssh-bdgt-production-amelchenko.sh as andrew@videolist.com.ua
 DEBUG [562d3d31] Command: /usr/bin/env chmod 700 /tmp/git-ssh-bdgt-production-amelchenko.sh
  INFO [562d3d31] Finished in 0.092 seconds with exit status 0 (successful).
  INFO [ea2a4c4b] Running /usr/bin/env git ls-remote --heads git@github.com:andrew-hai/bdgt.git as andrew@videolist.com.ua
 DEBUG [ea2a4c4b] Command: ( export GIT_ASKPASS="/bin/echo" GIT_SSH="/tmp/git-ssh-bdgt-production-amelchenko.sh" ; /usr/bin/env git ls-remote --heads git@github.com:andrew-hai/bdgt.git )
 DEBUG [ea2a4c4b] 	33ccc902f7f62bce4de2ca234282c0ef24a471f7	refs/heads/master
  INFO [ea2a4c4b] Finished in 1.313 seconds with exit status 0 (successful).
  INFO [ae1034a0] Running /usr/bin/env mkdir -p /var/www/bdgt/shared /var/www/bdgt/releases as andrew@videolist.com.ua
 DEBUG [ae1034a0] Command: /usr/bin/env mkdir -p /var/www/bdgt/shared /var/www/bdgt/releases
  INFO [ae1034a0] Finished in 0.093 seconds with exit status 0 (successful).
  INFO [78c473b1] Running /usr/bin/env mkdir -p /var/www/bdgt/shared/public/assets as andrew@videolist.com.ua
 DEBUG [78c473b1] Command: /usr/bin/env mkdir -p /var/www/bdgt/shared/public/assets
  INFO [78c473b1] Finished in 0.093 seconds with exit status 0 (successful).
  INFO [90d33968] Running /usr/bin/env mkdir -p /var/www/bdgt/shared/config as andrew@videolist.com.ua
 DEBUG [90d33968] Command: /usr/bin/env mkdir -p /var/www/bdgt/shared/config
  INFO [90d33968] Finished in 0.093 seconds with exit status 0 (successful).
 DEBUG [517b5926] Running [ -f /var/www/bdgt/shared/config/database.yml ] as andrew@videolist.com.ua
 DEBUG [517b5926] Command: [ -f /var/www/bdgt/shared/config/database.yml ]
 DEBUG [517b5926] Finished in 0.090 seconds with exit status 0 (successful).
 DEBUG [4599b565] Running [ -f /var/www/bdgt/shared/config/secrets.yml ] as andrew@videolist.com.ua
 DEBUG [4599b565] Command: [ -f /var/www/bdgt/shared/config/secrets.yml ]
 DEBUG [4599b565] Finished in 0.090 seconds with exit status 0 (successful).
 DEBUG [4f406ae7] Running [ -f /var/www/bdgt/current/REVISION ] as andrew@videolist.com.ua
 DEBUG [4f406ae7] Command: [ -f /var/www/bdgt/current/REVISION ]
 DEBUG [4f406ae7] Finished in 0.091 seconds with exit status 0 (successful).
 DEBUG [243ae8cc] Running /usr/bin/env cat /var/www/bdgt/current/REVISION 2>/dev/null as andrew@videolist.com.ua
 DEBUG [243ae8cc] Command: /usr/bin/env cat /var/www/bdgt/current/REVISION 2>/dev/null
 DEBUG [243ae8cc] 	f5feaf2ef1bb8e0c4253863a7a915febae10d010
 DEBUG [243ae8cc] Finished in 0.092 seconds with exit status 0 (successful).
 DEBUG [ac8ba978] Running [ -f /var/www/bdgt/repo/HEAD ] as andrew@videolist.com.ua
 DEBUG [ac8ba978] Command: [ -f /var/www/bdgt/repo/HEAD ]
 DEBUG [ac8ba978] Finished in 0.092 seconds with exit status 0 (successful).
  INFO The repository mirror is at /var/www/bdgt/repo
 DEBUG [c1ef67c8] Running if test ! -d /var/www/bdgt/repo; then echo "Directory does not exist '/var/www/bdgt/repo'" 1>&2; false; fi as andrew@videolist.com.ua
 DEBUG [c1ef67c8] Command: if test ! -d /var/www/bdgt/repo; then echo "Directory does not exist '/var/www/bdgt/repo'" 1>&2; false; fi
 DEBUG [c1ef67c8] Finished in 0.092 seconds with exit status 0 (successful).
  INFO [7e8fa053] Running /usr/bin/env git remote update --prune as andrew@videolist.com.ua
 DEBUG [7e8fa053] Command: cd /var/www/bdgt/repo && ( export GIT_ASKPASS="/bin/echo" GIT_SSH="/tmp/git-ssh-bdgt-production-amelchenko.sh" ; /usr/bin/env git remote update --prune )
 DEBUG [7e8fa053] 	Fetching origin
 DEBUG [7e8fa053] 	From github.com:andrew-hai/bdgt
   f5feaf2..33ccc90  master     -> master
  INFO [7e8fa053] Finished in 1.575 seconds with exit status 0 (successful).
 DEBUG [c0553efc] Running if test ! -d /var/www/bdgt/repo; then echo "Directory does not exist '/var/www/bdgt/repo'" 1>&2; false; fi as andrew@videolist.com.ua
 DEBUG [c0553efc] Command: if test ! -d /var/www/bdgt/repo; then echo "Directory does not exist '/var/www/bdgt/repo'" 1>&2; false; fi
 DEBUG [c0553efc] Finished in 0.091 seconds with exit status 0 (successful).
  INFO [7bf7c279] Running /usr/bin/env mkdir -p /var/www/bdgt/releases/20170406161353 as andrew@videolist.com.ua
 DEBUG [7bf7c279] Command: cd /var/www/bdgt/repo && ( export GIT_ASKPASS="/bin/echo" GIT_SSH="/tmp/git-ssh-bdgt-production-amelchenko.sh" ; /usr/bin/env mkdir -p /var/www/bdgt/releases/20170406161353 )
  INFO [7bf7c279] Finished in 0.097 seconds with exit status 0 (successful).
  INFO [c0d6aee8] Running /usr/bin/env git archive master | tar -x -f - -C /var/www/bdgt/releases/20170406161353 as andrew@videolist.com.ua
 DEBUG [c0d6aee8] Command: cd /var/www/bdgt/repo && ( export GIT_ASKPASS="/bin/echo" GIT_SSH="/tmp/git-ssh-bdgt-production-amelchenko.sh" ; /usr/bin/env git archive master | tar -x -f - -C /var/www/bdgt/releases/20170406161353 )
  INFO [c0d6aee8] Finished in 0.293 seconds with exit status 0 (successful).
 DEBUG [b39844bf] Running if test ! -d /var/www/bdgt/repo; then echo "Directory does not exist '/var/www/bdgt/repo'" 1>&2; false; fi as andrew@videolist.com.ua
 DEBUG [b39844bf] Command: if test ! -d /var/www/bdgt/repo; then echo "Directory does not exist '/var/www/bdgt/repo'" 1>&2; false; fi
 DEBUG [b39844bf] Finished in 0.091 seconds with exit status 0 (successful).
 DEBUG [9e82989f] Running /usr/bin/env git rev-list --max-count=1 master as andrew@videolist.com.ua
 DEBUG [9e82989f] Command: cd /var/www/bdgt/repo && ( export GIT_ASKPASS="/bin/echo" GIT_SSH="/tmp/git-ssh-bdgt-production-amelchenko.sh" ; /usr/bin/env git rev-list --max-count=1 master )
 DEBUG [9e82989f] 	33ccc902f7f62bce4de2ca234282c0ef24a471f7
 DEBUG [9e82989f] Finished in 0.094 seconds with exit status 0 (successful).
 DEBUG [b216b8fa] Running if test ! -d /var/www/bdgt/releases/20170406161353; then echo "Directory does not exist '/var/www/bdgt/releases/20170406161353'" 1>&2; false; fi as andrew@videolist.com.ua
 DEBUG [b216b8fa] Command: if test ! -d /var/www/bdgt/releases/20170406161353; then echo "Directory does not exist '/var/www/bdgt/releases/20170406161353'" 1>&2; false; fi
 DEBUG [b216b8fa] Finished in 0.090 seconds with exit status 0 (successful).
  INFO [c3261601] Running /usr/bin/env echo "33ccc902f7f62bce4de2ca234282c0ef24a471f7" >> REVISION as andrew@videolist.com.ua
 DEBUG [c3261601] Command: cd /var/www/bdgt/releases/20170406161353 && /usr/bin/env echo "33ccc902f7f62bce4de2ca234282c0ef24a471f7" >> REVISION
  INFO [c3261601] Finished in 0.092 seconds with exit status 0 (successful).
  INFO [13ca2797] Running /usr/bin/env mkdir -p /var/www/bdgt/releases/20170406161353/config as andrew@videolist.com.ua
 DEBUG [13ca2797] Command: /usr/bin/env mkdir -p /var/www/bdgt/releases/20170406161353/config
  INFO [13ca2797] Finished in 0.093 seconds with exit status 0 (successful).
 DEBUG [17072681] Running [ -L /var/www/bdgt/releases/20170406161353/config/database.yml ] as andrew@videolist.com.ua
 DEBUG [17072681] Command: [ -L /var/www/bdgt/releases/20170406161353/config/database.yml ]
 DEBUG [17072681] Finished in 0.090 seconds with exit status 1 (failed).
 DEBUG [cfc39df8] Running [ -f /var/www/bdgt/releases/20170406161353/config/database.yml ] as andrew@videolist.com.ua
 DEBUG [cfc39df8] Command: [ -f /var/www/bdgt/releases/20170406161353/config/database.yml ]
 DEBUG [cfc39df8] Finished in 0.091 seconds with exit status 1 (failed).
  INFO [58e22aa1] Running /usr/bin/env ln -s /var/www/bdgt/shared/config/database.yml /var/www/bdgt/releases/20170406161353/config/database.yml as andrew@videolist.com.ua
 DEBUG [58e22aa1] Command: /usr/bin/env ln -s /var/www/bdgt/shared/config/database.yml /var/www/bdgt/releases/20170406161353/config/database.yml
  INFO [58e22aa1] Finished in 0.094 seconds with exit status 0 (successful).
 DEBUG [9f97315d] Running [ -L /var/www/bdgt/releases/20170406161353/config/secrets.yml ] as andrew@videolist.com.ua
 DEBUG [9f97315d] Command: [ -L /var/www/bdgt/releases/20170406161353/config/secrets.yml ]
 DEBUG [9f97315d] Finished in 0.092 seconds with exit status 1 (failed).
 DEBUG [89a820ad] Running [ -f /var/www/bdgt/releases/20170406161353/config/secrets.yml ] as andrew@videolist.com.ua
 DEBUG [89a820ad] Command: [ -f /var/www/bdgt/releases/20170406161353/config/secrets.yml ]
 DEBUG [89a820ad] Finished in 0.091 seconds with exit status 1 (failed).
  INFO [4a783bbe] Running /usr/bin/env ln -s /var/www/bdgt/shared/config/secrets.yml /var/www/bdgt/releases/20170406161353/config/secrets.yml as andrew@videolist.com.ua
 DEBUG [4a783bbe] Command: /usr/bin/env ln -s /var/www/bdgt/shared/config/secrets.yml /var/www/bdgt/releases/20170406161353/config/secrets.yml
  INFO [4a783bbe] Finished in 0.092 seconds with exit status 0 (successful).
  INFO [c8412b08] Running /usr/bin/env mkdir -p /var/www/bdgt/releases/20170406161353/public as andrew@videolist.com.ua
 DEBUG [c8412b08] Command: /usr/bin/env mkdir -p /var/www/bdgt/releases/20170406161353/public
  INFO [c8412b08] Finished in 0.092 seconds with exit status 0 (successful).
 DEBUG [d25548dd] Running [ -L /var/www/bdgt/releases/20170406161353/public/assets ] as andrew@videolist.com.ua
 DEBUG [d25548dd] Command: [ -L /var/www/bdgt/releases/20170406161353/public/assets ]
 DEBUG [d25548dd] Finished in 0.092 seconds with exit status 1 (failed).
 DEBUG [e8d3198d] Running [ -d /var/www/bdgt/releases/20170406161353/public/assets ] as andrew@videolist.com.ua
 DEBUG [e8d3198d] Command: [ -d /var/www/bdgt/releases/20170406161353/public/assets ]
 DEBUG [e8d3198d] Finished in 0.090 seconds with exit status 1 (failed).
  INFO [fcb71444] Running /usr/bin/env ln -s /var/www/bdgt/shared/public/assets /var/www/bdgt/releases/20170406161353/public/assets as andrew@videolist.com.ua
 DEBUG [fcb71444] Command: /usr/bin/env ln -s /var/www/bdgt/shared/public/assets /var/www/bdgt/releases/20170406161353/public/assets
  INFO [fcb71444] Finished in 0.092 seconds with exit status 0 (successful).
 DEBUG [c923aaed] Running if test ! -d /var/www/bdgt/releases/20170406161353; then echo "Directory does not exist '/var/www/bdgt/releases/20170406161353'" 1>&2; false; fi as andrew@videolist.com.ua
 DEBUG [c923aaed] Command: if test ! -d /var/www/bdgt/releases/20170406161353; then echo "Directory does not exist '/var/www/bdgt/releases/20170406161353'" 1>&2; false; fi
 DEBUG [c923aaed] Finished in 0.091 seconds with exit status 0 (successful).
  INFO [275b0aae] Running ~/.rvm/bin/rvm 2.3.1@bdgt_rails5 do bundle install --path /var/www/bdgt/shared/bundle --without development test --deployment --quiet as andrew@videolist.com.ua
 DEBUG [275b0aae] Command: cd /var/www/bdgt/releases/20170406161353 && ~/.rvm/bin/rvm 2.3.1@bdgt_rails5 do bundle install --path /var/www/bdgt/shared/bundle --without development test --deployment --quiet
  INFO [275b0aae] Finished in 5.044 seconds with exit status 0 (successful).
 DEBUG [194e3c2e] Running if test ! -d /var/www/bdgt/releases/20170406161353; then echo "Directory does not exist '/var/www/bdgt/releases/20170406161353'" 1>&2; false; fi as andrew@videolist.com.ua
 DEBUG [194e3c2e] Command: if test ! -d /var/www/bdgt/releases/20170406161353; then echo "Directory does not exist '/var/www/bdgt/releases/20170406161353'" 1>&2; false; fi
 DEBUG [194e3c2e] Finished in 0.093 seconds with exit status 0 (successful).
  INFO [157f36d5] Running ~/.rvm/bin/rvm 2.3.1@bdgt_rails5 do bundle exec rake assets:precompile as andrew@videolist.com.ua
 DEBUG [157f36d5] Command: cd /var/www/bdgt/releases/20170406161353 && ( export RAILS_ENV="production" ; ~/.rvm/bin/rvm 2.3.1@bdgt_rails5 do bundle exec rake assets:precompile )
  INFO [157f36d5] Finished in 35.637 seconds with exit status 0 (successful).
 DEBUG [0bc72ad6] Running if test ! -d /var/www/bdgt/releases/20170406161353; then echo "Directory does not exist '/var/www/bdgt/releases/20170406161353'" 1>&2; false; fi as andrew@videolist.com.ua
 DEBUG [0bc72ad6] Command: if test ! -d /var/www/bdgt/releases/20170406161353; then echo "Directory does not exist '/var/www/bdgt/releases/20170406161353'" 1>&2; false; fi
 DEBUG [0bc72ad6] Finished in 0.091 seconds with exit status 0 (successful).
  INFO [a64ce8e6] Running /usr/bin/env mkdir -p /var/www/bdgt/releases/20170406161353/assets_manifest_backup as andrew@videolist.com.ua
 DEBUG [a64ce8e6] Command: cd /var/www/bdgt/releases/20170406161353 && /usr/bin/env mkdir -p /var/www/bdgt/releases/20170406161353/assets_manifest_backup
  INFO [a64ce8e6] Finished in 0.094 seconds with exit status 0 (successful).
 DEBUG [7d8fb9d3] Running /usr/bin/env ls /var/www/bdgt/releases/20170406161353/public/assets/.sprockets-manifest* as andrew@videolist.com.ua
 DEBUG [7d8fb9d3] Command: cd /var/www/bdgt/releases/20170406161353 && /usr/bin/env ls /var/www/bdgt/releases/20170406161353/public/assets/.sprockets-manifest*
 DEBUG [7d8fb9d3] 	/var/www/bdgt/releases/20170406161353/public/assets/.sprockets-manifest-6b91f8f3378d547bfc1f890487dcfa1f.json
 DEBUG [7d8fb9d3] Finished in 0.092 seconds with exit status 0 (successful).
 DEBUG [ae9f52dd] Running /usr/bin/env ls /var/www/bdgt/releases/20170406161353/public/assets/.sprockets-manifest* as andrew@videolist.com.ua
 DEBUG [ae9f52dd] Command: cd /var/www/bdgt/releases/20170406161353 && /usr/bin/env ls /var/www/bdgt/releases/20170406161353/public/assets/.sprockets-manifest*
 DEBUG [ae9f52dd] 	/var/www/bdgt/releases/20170406161353/public/assets/.sprockets-manifest-6b91f8f3378d547bfc1f890487dcfa1f.json
 DEBUG [ae9f52dd] Finished in 0.093 seconds with exit status 0 (successful).
  INFO [f161aa70] Running /usr/bin/env cp /var/www/bdgt/releases/20170406161353/public/assets/.sprockets-manifest-6b91f8f3378d547bfc1f890487dcfa1f.json /var/www/bdgt/releases/20170406161353/assets_manifest_backup as andrew@videolist.com.ua
 DEBUG [f161aa70] Command: cd /var/www/bdgt/releases/20170406161353 && /usr/bin/env cp /var/www/bdgt/releases/20170406161353/public/assets/.sprockets-manifest-6b91f8f3378d547bfc1f890487dcfa1f.json /var/www/bdgt/releases/20170406161353/assets_manifest_backup
  INFO [f161aa70] Finished in 0.098 seconds with exit status 0 (successful).
  INFO [deploy:migrate] Run `rake db:migrate`
 DEBUG [de114673] Running if test ! -d /var/www/bdgt/releases/20170406161353; then echo "Directory does not exist '/var/www/bdgt/releases/20170406161353'" 1>&2; false; fi as andrew@videolist.com.ua
 DEBUG [de114673] Command: if test ! -d /var/www/bdgt/releases/20170406161353; then echo "Directory does not exist '/var/www/bdgt/releases/20170406161353'" 1>&2; false; fi
 DEBUG [de114673] Finished in 0.092 seconds with exit status 0 (successful).
  INFO [453d167f] Running ~/.rvm/bin/rvm 2.3.1@bdgt_rails5 do bundle exec rake db:migrate as andrew@videolist.com.ua
 DEBUG [453d167f] Command: cd /var/www/bdgt/releases/20170406161353 && ( export RAILS_ENV="production" ; ~/.rvm/bin/rvm 2.3.1@bdgt_rails5 do bundle exec rake db:migrate )
  INFO [453d167f] Finished in 3.566 seconds with exit status 0 (successful).
  INFO [ab7177c2] Running /usr/bin/env ln -s /var/www/bdgt/releases/20170406161353 /var/www/bdgt/releases/current as andrew@videolist.com.ua
 DEBUG [ab7177c2] Command: /usr/bin/env ln -s /var/www/bdgt/releases/20170406161353 /var/www/bdgt/releases/current
  INFO [ab7177c2] Finished in 0.093 seconds with exit status 0 (successful).
  INFO [858c571c] Running /usr/bin/env mv /var/www/bdgt/releases/current /var/www/bdgt as andrew@videolist.com.ua
 DEBUG [858c571c] Command: /usr/bin/env mv /var/www/bdgt/releases/current /var/www/bdgt
  INFO [858c571c] Finished in 0.094 seconds with exit status 0 (successful).
  INFO [19253cf5] Running ln -s /var/www/bdgt/releases/20170406161353/vendor/assets/bower_components/font-awesome/fonts /var/www/bdgt/releases/20170406161353/public/fonts as andrew@videolist.com.ua
 DEBUG [19253cf5] Command: ln -s /var/www/bdgt/releases/20170406161353/vendor/assets/bower_components/font-awesome/fonts /var/www/bdgt/releases/20170406161353/public/fonts
  INFO [19253cf5] Finished in 0.091 seconds with exit status 0 (successful).
 DEBUG [ec17ea9f] Running if test ! -d /var/www/bdgt/current; then echo "Directory does not exist '/var/www/bdgt/current'" 1>&2; false; fi as andrew@videolist.com.ua
 DEBUG [ec17ea9f] Command: if test ! -d /var/www/bdgt/current; then echo "Directory does not exist '/var/www/bdgt/current'" 1>&2; false; fi
 DEBUG [ec17ea9f] Finished in 0.092 seconds with exit status 0 (successful).
 DEBUG [22233528] Running [ -e /var/www/bdgt/shared/unicorn.pid ] && kill -0 `cat /var/www/bdgt/shared/unicorn.pid` as andrew@videolist.com.ua
 DEBUG [22233528] Command: [ -e /var/www/bdgt/shared/unicorn.pid ] && kill -0 `cat /var/www/bdgt/shared/unicorn.pid`
 DEBUG [22233528] Finished in 0.092 seconds with exit status 0 (successful).
  INFO unicorn is running...
 DEBUG [f51c925a] Running if test ! -d /var/www/bdgt/current; then echo "Directory does not exist '/var/www/bdgt/current'" 1>&2; false; fi as andrew@videolist.com.ua
 DEBUG [f51c925a] Command: if test ! -d /var/www/bdgt/current; then echo "Directory does not exist '/var/www/bdgt/current'" 1>&2; false; fi
 DEBUG [f51c925a] Finished in 0.091 seconds with exit status 0 (successful).
  INFO unicorn restarting...
  INFO [b14d23bc] Running /usr/bin/env kill -s USR2 `cat /var/www/bdgt/shared/unicorn.pid` as andrew@videolist.com.ua
 DEBUG [b14d23bc] Command: cd /var/www/bdgt/current && /usr/bin/env kill -s USR2 `cat /var/www/bdgt/shared/unicorn.pid`
  INFO [b14d23bc] Finished in 0.098 seconds with exit status 0 (successful).
 DEBUG [3784ef06] Running if test ! -d /var/www/bdgt/releases/20170406161353; then echo "Directory does not exist '/var/www/bdgt/releases/20170406161353'" 1>&2; false; fi as andrew@videolist.com.ua
 DEBUG [3784ef06] Command: if test ! -d /var/www/bdgt/releases/20170406161353; then echo "Directory does not exist '/var/www/bdgt/releases/20170406161353'" 1>&2; false; fi
 DEBUG [3784ef06] Finished in 0.090 seconds with exit status 0 (successful).
  INFO [65a0b775] Running ~/.rvm/bin/rvm 2.3.1@bdgt_rails5 do bundle exec rake tmp:clear as andrew@videolist.com.ua
 DEBUG [65a0b775] Command: cd /var/www/bdgt/releases/20170406161353 && ~/.rvm/bin/rvm 2.3.1@bdgt_rails5 do bundle exec rake tmp:clear
  INFO [65a0b775] Finished in 5.650 seconds with exit status 0 (successful).
 DEBUG [4ed37815] Running /usr/bin/env ls -xtr /var/www/bdgt/releases as andrew@videolist.com.ua
 DEBUG [4ed37815] Command: /usr/bin/env ls -xtr /var/www/bdgt/releases
 DEBUG [4ed37815] 	20170112153047	20170202144153	20170402104839	20170406161353
 DEBUG [4ed37815] Finished in 0.094 seconds with exit status 0 (successful).
  INFO Keeping 3 of 4 deployed releases on videolist.com.ua
  INFO [8802a085] Running /usr/bin/env rm -rf /var/www/bdgt/releases/20170112153047 as andrew@videolist.com.ua
 DEBUG [8802a085] Command: /usr/bin/env rm -rf /var/www/bdgt/releases/20170112153047
  INFO [8802a085] Finished in 0.178 seconds with exit status 0 (successful).
 DEBUG [3090dec8] Running if test ! -d /var/www/bdgt/releases; then echo "Directory does not exist '/var/www/bdgt/releases'" 1>&2; false; fi as andrew@videolist.com.ua
 DEBUG [3090dec8] Command: if test ! -d /var/www/bdgt/releases; then echo "Directory does not exist '/var/www/bdgt/releases'" 1>&2; false; fi
 DEBUG [3090dec8] Finished in 0.091 seconds with exit status 0 (successful).
  INFO [65766624] Running /usr/bin/env echo "Branch master (at 33ccc902f7f62bce4de2ca234282c0ef24a471f7) deployed as release 20170406161353 by amelchenko" >> /var/www/bdgt/revisions.log as andrew@videolist.com.ua
 DEBUG [65766624] Command: cd /var/www/bdgt/releases && /usr/bin/env echo "Branch master (at 33ccc902f7f62bce4de2ca234282c0ef24a471f7) deployed as release 20170406161353 by amelchenko" >> /var/www/bdgt/revisions.log
  INFO [65766624] Finished in 0.094 seconds with exit status 0 (successful).
  INFO ---------------------------------------------------------------------------
  INFO START 2017-04-12 18:46:41 +0300 cap production deploy
  INFO ---------------------------------------------------------------------------
 DEBUG [aa3d560e] Running [ -d ~/.rvm ] as andrew@videolist.com.ua
 DEBUG [aa3d560e] Command: [ -d ~/.rvm ]
 DEBUG [aa3d560e] Finished in 0.727 seconds with exit status 0 (successful).
 DEBUG [4aaf1bc2] Running ~/.rvm/bin/rvm version as andrew@videolist.com.ua
 DEBUG [4aaf1bc2] Command: ~/.rvm/bin/rvm version
 DEBUG [4aaf1bc2] 	rvm 1.29.1 (latest) by Michal Papis, Piotr Kuczynski, Wayne E. Seguin [https://rvm.io/]
 DEBUG [4aaf1bc2] Finished in 0.880 seconds with exit status 0 (successful).
 DEBUG [745858a8] Running ~/.rvm/bin/rvm current as andrew@videolist.com.ua
 DEBUG [745858a8] Command: ~/.rvm/bin/rvm current
 DEBUG [745858a8] 	ruby-2.3.1
 DEBUG [745858a8] Finished in 0.321 seconds with exit status 0 (successful).
 DEBUG [47921040] Running ~/.rvm/bin/rvm 2.3.1@bdgt_rails5 do ruby --version as andrew@videolist.com.ua
 DEBUG [47921040] Command: ~/.rvm/bin/rvm 2.3.1@bdgt_rails5 do ruby --version
 DEBUG [47921040] 	ruby 2.3.1p112 (2016-04-26 revision 54768) [x86_64-linux]
 DEBUG [47921040] Finished in 0.570 seconds with exit status 0 (successful).
  INFO [6f168e89] Running /usr/bin/env mkdir -p /tmp as andrew@videolist.com.ua
 DEBUG [6f168e89] Command: /usr/bin/env mkdir -p /tmp
  INFO [6f168e89] Finished in 0.107 seconds with exit status 0 (successful).
 DEBUG Uploading /tmp/git-ssh-bdgt-production-amelchenko.sh 0.0%
  INFO Uploading /tmp/git-ssh-bdgt-production-amelchenko.sh 100.0%
  INFO [c07a460b] Running /usr/bin/env chmod 700 /tmp/git-ssh-bdgt-production-amelchenko.sh as andrew@videolist.com.ua
 DEBUG [c07a460b] Command: /usr/bin/env chmod 700 /tmp/git-ssh-bdgt-production-amelchenko.sh
  INFO [c07a460b] Finished in 0.101 seconds with exit status 0 (successful).
  INFO [64b501c1] Running /usr/bin/env git ls-remote --heads git@github.com:andrew-hai/bdgt.git as andrew@videolist.com.ua
 DEBUG [64b501c1] Command: ( export GIT_ASKPASS="/bin/echo" GIT_SSH="/tmp/git-ssh-bdgt-production-amelchenko.sh" ; /usr/bin/env git ls-remote --heads git@github.com:andrew-hai/bdgt.git )
 DEBUG [64b501c1] 	cce650027effc6cb8efb35f60d209e3925e0ff6c	refs/heads/master
  INFO [64b501c1] Finished in 1.624 seconds with exit status 0 (successful).
  INFO [a4053141] Running /usr/bin/env mkdir -p /var/www/bdgt/shared /var/www/bdgt/releases as andrew@videolist.com.ua
 DEBUG [a4053141] Command: /usr/bin/env mkdir -p /var/www/bdgt/shared /var/www/bdgt/releases
  INFO [a4053141] Finished in 0.101 seconds with exit status 0 (successful).
  INFO [b1385151] Running /usr/bin/env mkdir -p /var/www/bdgt/shared/public/assets as andrew@videolist.com.ua
 DEBUG [b1385151] Command: /usr/bin/env mkdir -p /var/www/bdgt/shared/public/assets
  INFO [b1385151] Finished in 0.101 seconds with exit status 0 (successful).
  INFO [9fcabf9c] Running /usr/bin/env mkdir -p /var/www/bdgt/shared/config as andrew@videolist.com.ua
 DEBUG [9fcabf9c] Command: /usr/bin/env mkdir -p /var/www/bdgt/shared/config
  INFO [9fcabf9c] Finished in 0.101 seconds with exit status 0 (successful).
 DEBUG [62cdf424] Running [ -f /var/www/bdgt/shared/config/database.yml ] as andrew@videolist.com.ua
 DEBUG [62cdf424] Command: [ -f /var/www/bdgt/shared/config/database.yml ]
 DEBUG [62cdf424] Finished in 0.098 seconds with exit status 0 (successful).
 DEBUG [dba83882] Running [ -f /var/www/bdgt/shared/config/secrets.yml ] as andrew@videolist.com.ua
 DEBUG [dba83882] Command: [ -f /var/www/bdgt/shared/config/secrets.yml ]
 DEBUG [dba83882] Finished in 0.099 seconds with exit status 0 (successful).
 DEBUG [d1b38121] Running [ -f /var/www/bdgt/current/REVISION ] as andrew@videolist.com.ua
 DEBUG [d1b38121] Command: [ -f /var/www/bdgt/current/REVISION ]
 DEBUG [d1b38121] Finished in 0.099 seconds with exit status 0 (successful).
 DEBUG [ba9117d3] Running /usr/bin/env cat /var/www/bdgt/current/REVISION 2>/dev/null as andrew@videolist.com.ua
 DEBUG [ba9117d3] Command: /usr/bin/env cat /var/www/bdgt/current/REVISION 2>/dev/null
 DEBUG [ba9117d3] 	33ccc902f7f62bce4de2ca234282c0ef24a471f7
 DEBUG [ba9117d3] Finished in 0.102 seconds with exit status 0 (successful).
 DEBUG [dde9e188] Running [ -f /var/www/bdgt/repo/HEAD ] as andrew@videolist.com.ua
 DEBUG [dde9e188] Command: [ -f /var/www/bdgt/repo/HEAD ]
 DEBUG [dde9e188] Finished in 0.098 seconds with exit status 0 (successful).
  INFO The repository mirror is at /var/www/bdgt/repo
 DEBUG [d4f7c3c3] Running if test ! -d /var/www/bdgt/repo; then echo "Directory does not exist '/var/www/bdgt/repo'" 1>&2; false; fi as andrew@videolist.com.ua
 DEBUG [d4f7c3c3] Command: if test ! -d /var/www/bdgt/repo; then echo "Directory does not exist '/var/www/bdgt/repo'" 1>&2; false; fi
 DEBUG [d4f7c3c3] Finished in 0.097 seconds with exit status 0 (successful).
  INFO [f1563bf9] Running /usr/bin/env git remote update --prune as andrew@videolist.com.ua
 DEBUG [f1563bf9] Command: cd /var/www/bdgt/repo && ( export GIT_ASKPASS="/bin/echo" GIT_SSH="/tmp/git-ssh-bdgt-production-amelchenko.sh" ; /usr/bin/env git remote update --prune )
 DEBUG [f1563bf9] 	Fetching origin
 DEBUG [f1563bf9] 	From github.com:andrew-hai/bdgt
 DEBUG [f1563bf9] 	   33ccc90..cce6500  master     -> master
  INFO [f1563bf9] Finished in 1.752 seconds with exit status 0 (successful).
 DEBUG [4c2754a8] Running if test ! -d /var/www/bdgt/repo; then echo "Directory does not exist '/var/www/bdgt/repo'" 1>&2; false; fi as andrew@videolist.com.ua
 DEBUG [4c2754a8] Command: if test ! -d /var/www/bdgt/repo; then echo "Directory does not exist '/var/www/bdgt/repo'" 1>&2; false; fi
 DEBUG [4c2754a8] Finished in 0.100 seconds with exit status 0 (successful).
  INFO [5eb49b3a] Running /usr/bin/env mkdir -p /var/www/bdgt/releases/20170412154647 as andrew@videolist.com.ua
 DEBUG [5eb49b3a] Command: cd /var/www/bdgt/repo && ( export GIT_ASKPASS="/bin/echo" GIT_SSH="/tmp/git-ssh-bdgt-production-amelchenko.sh" ; /usr/bin/env mkdir -p /var/www/bdgt/releases/20170412154647 )
  INFO [5eb49b3a] Finished in 0.103 seconds with exit status 0 (successful).
  INFO [a08a0fa6] Running /usr/bin/env git archive master | tar -x -f - -C /var/www/bdgt/releases/20170412154647 as andrew@videolist.com.ua
 DEBUG [a08a0fa6] Command: cd /var/www/bdgt/repo && ( export GIT_ASKPASS="/bin/echo" GIT_SSH="/tmp/git-ssh-bdgt-production-amelchenko.sh" ; /usr/bin/env git archive master | tar -x -f - -C /var/www/bdgt/releases/20170412154647 )
  INFO [a08a0fa6] Finished in 0.281 seconds with exit status 0 (successful).
 DEBUG [7f9a9618] Running if test ! -d /var/www/bdgt/repo; then echo "Directory does not exist '/var/www/bdgt/repo'" 1>&2; false; fi as andrew@videolist.com.ua
 DEBUG [7f9a9618] Command: if test ! -d /var/www/bdgt/repo; then echo "Directory does not exist '/var/www/bdgt/repo'" 1>&2; false; fi
 DEBUG [7f9a9618] Finished in 0.099 seconds with exit status 0 (successful).
 DEBUG [44f5479a] Running /usr/bin/env git rev-list --max-count=1 master as andrew@videolist.com.ua
 DEBUG [44f5479a] Command: cd /var/www/bdgt/repo && ( export GIT_ASKPASS="/bin/echo" GIT_SSH="/tmp/git-ssh-bdgt-production-amelchenko.sh" ; /usr/bin/env git rev-list --max-count=1 master )
 DEBUG [44f5479a] 	cce650027effc6cb8efb35f60d209e3925e0ff6c
 DEBUG [44f5479a] Finished in 0.103 seconds with exit status 0 (successful).
 DEBUG [99c9dfb5] Running if test ! -d /var/www/bdgt/releases/20170412154647; then echo "Directory does not exist '/var/www/bdgt/releases/20170412154647'" 1>&2; false; fi as andrew@videolist.com.ua
 DEBUG [99c9dfb5] Command: if test ! -d /var/www/bdgt/releases/20170412154647; then echo "Directory does not exist '/var/www/bdgt/releases/20170412154647'" 1>&2; false; fi
 DEBUG [99c9dfb5] Finished in 0.099 seconds with exit status 0 (successful).
  INFO [66886c46] Running /usr/bin/env echo "cce650027effc6cb8efb35f60d209e3925e0ff6c" >> REVISION as andrew@videolist.com.ua
 DEBUG [66886c46] Command: cd /var/www/bdgt/releases/20170412154647 && /usr/bin/env echo "cce650027effc6cb8efb35f60d209e3925e0ff6c" >> REVISION
  INFO [66886c46] Finished in 0.100 seconds with exit status 0 (successful).
  INFO [d46c0141] Running /usr/bin/env mkdir -p /var/www/bdgt/releases/20170412154647/config as andrew@videolist.com.ua
 DEBUG [d46c0141] Command: /usr/bin/env mkdir -p /var/www/bdgt/releases/20170412154647/config
  INFO [d46c0141] Finished in 0.099 seconds with exit status 0 (successful).
 DEBUG [628f9d3e] Running [ -L /var/www/bdgt/releases/20170412154647/config/database.yml ] as andrew@videolist.com.ua
 DEBUG [628f9d3e] Command: [ -L /var/www/bdgt/releases/20170412154647/config/database.yml ]
 DEBUG [628f9d3e] Finished in 0.098 seconds with exit status 1 (failed).
 DEBUG [e2865811] Running [ -f /var/www/bdgt/releases/20170412154647/config/database.yml ] as andrew@videolist.com.ua
 DEBUG [e2865811] Command: [ -f /var/www/bdgt/releases/20170412154647/config/database.yml ]
 DEBUG [e2865811] Finished in 0.101 seconds with exit status 1 (failed).
  INFO [95e0ce38] Running /usr/bin/env ln -s /var/www/bdgt/shared/config/database.yml /var/www/bdgt/releases/20170412154647/config/database.yml as andrew@videolist.com.ua
 DEBUG [95e0ce38] Command: /usr/bin/env ln -s /var/www/bdgt/shared/config/database.yml /var/www/bdgt/releases/20170412154647/config/database.yml
  INFO [95e0ce38] Finished in 0.100 seconds with exit status 0 (successful).
 DEBUG [f4747bb1] Running [ -L /var/www/bdgt/releases/20170412154647/config/secrets.yml ] as andrew@videolist.com.ua
 DEBUG [f4747bb1] Command: [ -L /var/www/bdgt/releases/20170412154647/config/secrets.yml ]
 DEBUG [f4747bb1] Finished in 0.098 seconds with exit status 1 (failed).
 DEBUG [df1ab15f] Running [ -f /var/www/bdgt/releases/20170412154647/config/secrets.yml ] as andrew@videolist.com.ua
 DEBUG [df1ab15f] Command: [ -f /var/www/bdgt/releases/20170412154647/config/secrets.yml ]
 DEBUG [df1ab15f] Finished in 0.098 seconds with exit status 1 (failed).
  INFO [34f5de07] Running /usr/bin/env ln -s /var/www/bdgt/shared/config/secrets.yml /var/www/bdgt/releases/20170412154647/config/secrets.yml as andrew@videolist.com.ua
 DEBUG [34f5de07] Command: /usr/bin/env ln -s /var/www/bdgt/shared/config/secrets.yml /var/www/bdgt/releases/20170412154647/config/secrets.yml
  INFO [34f5de07] Finished in 0.099 seconds with exit status 0 (successful).
  INFO [33e35cb7] Running /usr/bin/env mkdir -p /var/www/bdgt/releases/20170412154647/public as andrew@videolist.com.ua
 DEBUG [33e35cb7] Command: /usr/bin/env mkdir -p /var/www/bdgt/releases/20170412154647/public
  INFO [33e35cb7] Finished in 0.099 seconds with exit status 0 (successful).
 DEBUG [ca70697c] Running [ -L /var/www/bdgt/releases/20170412154647/public/assets ] as andrew@videolist.com.ua
 DEBUG [ca70697c] Command: [ -L /var/www/bdgt/releases/20170412154647/public/assets ]
 DEBUG [ca70697c] Finished in 0.098 seconds with exit status 1 (failed).
 DEBUG [308f6d5f] Running [ -d /var/www/bdgt/releases/20170412154647/public/assets ] as andrew@videolist.com.ua
 DEBUG [308f6d5f] Command: [ -d /var/www/bdgt/releases/20170412154647/public/assets ]
 DEBUG [308f6d5f] Finished in 0.099 seconds with exit status 1 (failed).
  INFO [9f1e8789] Running /usr/bin/env ln -s /var/www/bdgt/shared/public/assets /var/www/bdgt/releases/20170412154647/public/assets as andrew@videolist.com.ua
 DEBUG [9f1e8789] Command: /usr/bin/env ln -s /var/www/bdgt/shared/public/assets /var/www/bdgt/releases/20170412154647/public/assets
  INFO [9f1e8789] Finished in 0.101 seconds with exit status 0 (successful).
 DEBUG [9ddceb5a] Running if test ! -d /var/www/bdgt/releases/20170412154647; then echo "Directory does not exist '/var/www/bdgt/releases/20170412154647'" 1>&2; false; fi as andrew@videolist.com.ua
 DEBUG [9ddceb5a] Command: if test ! -d /var/www/bdgt/releases/20170412154647; then echo "Directory does not exist '/var/www/bdgt/releases/20170412154647'" 1>&2; false; fi
 DEBUG [9ddceb5a] Finished in 0.099 seconds with exit status 0 (successful).
  INFO [967883c2] Running ~/.rvm/bin/rvm 2.3.1@bdgt_rails5 do bundle install --path /var/www/bdgt/shared/bundle --without development test --deployment --quiet as andrew@videolist.com.ua
 DEBUG [967883c2] Command: cd /var/www/bdgt/releases/20170412154647 && ~/.rvm/bin/rvm 2.3.1@bdgt_rails5 do bundle install --path /var/www/bdgt/shared/bundle --without development test --deployment --quiet
  INFO [967883c2] Finished in 5.194 seconds with exit status 0 (successful).
 DEBUG [d2db8626] Running if test ! -d /var/www/bdgt/releases/20170412154647; then echo "Directory does not exist '/var/www/bdgt/releases/20170412154647'" 1>&2; false; fi as andrew@videolist.com.ua
 DEBUG [d2db8626] Command: if test ! -d /var/www/bdgt/releases/20170412154647; then echo "Directory does not exist '/var/www/bdgt/releases/20170412154647'" 1>&2; false; fi
 DEBUG [d2db8626] Finished in 0.102 seconds with exit status 0 (successful).
  INFO [b6cfc465] Running ~/.rvm/bin/rvm 2.3.1@bdgt_rails5 do bundle exec rake assets:precompile as andrew@videolist.com.ua
 DEBUG [b6cfc465] Command: cd /var/www/bdgt/releases/20170412154647 && ( export RAILS_ENV="production" ; ~/.rvm/bin/rvm 2.3.1@bdgt_rails5 do bundle exec rake assets:precompile )
  INFO [b6cfc465] Finished in 36.504 seconds with exit status 0 (successful).
 DEBUG [8b65a204] Running if test ! -d /var/www/bdgt/releases/20170412154647; then echo "Directory does not exist '/var/www/bdgt/releases/20170412154647'" 1>&2; false; fi as andrew@videolist.com.ua
 DEBUG [8b65a204] Command: if test ! -d /var/www/bdgt/releases/20170412154647; then echo "Directory does not exist '/var/www/bdgt/releases/20170412154647'" 1>&2; false; fi
 DEBUG [8b65a204] Finished in 0.102 seconds with exit status 0 (successful).
  INFO [8680f24d] Running /usr/bin/env mkdir -p /var/www/bdgt/releases/20170412154647/assets_manifest_backup as andrew@videolist.com.ua
 DEBUG [8680f24d] Command: cd /var/www/bdgt/releases/20170412154647 && /usr/bin/env mkdir -p /var/www/bdgt/releases/20170412154647/assets_manifest_backup
  INFO [8680f24d] Finished in 0.102 seconds with exit status 0 (successful).
 DEBUG [369addda] Running /usr/bin/env ls /var/www/bdgt/releases/20170412154647/public/assets/.sprockets-manifest* as andrew@videolist.com.ua
 DEBUG [369addda] Command: cd /var/www/bdgt/releases/20170412154647 && /usr/bin/env ls /var/www/bdgt/releases/20170412154647/public/assets/.sprockets-manifest*
 DEBUG [369addda] 	/var/www/bdgt/releases/20170412154647/public/assets/.sprockets-manifest-6b91f8f3378d547bfc1f890487dcfa1f.json
 DEBUG [369addda] Finished in 0.103 seconds with exit status 0 (successful).
 DEBUG [ef6b1edc] Running /usr/bin/env ls /var/www/bdgt/releases/20170412154647/public/assets/.sprockets-manifest* as andrew@videolist.com.ua
 DEBUG [ef6b1edc] Command: cd /var/www/bdgt/releases/20170412154647 && /usr/bin/env ls /var/www/bdgt/releases/20170412154647/public/assets/.sprockets-manifest*
 DEBUG [ef6b1edc] 	/var/www/bdgt/releases/20170412154647/public/assets/.sprockets-manifest-6b91f8f3378d547bfc1f890487dcfa1f.json
 DEBUG [ef6b1edc] Finished in 0.101 seconds with exit status 0 (successful).
  INFO [d79440f9] Running /usr/bin/env cp /var/www/bdgt/releases/20170412154647/public/assets/.sprockets-manifest-6b91f8f3378d547bfc1f890487dcfa1f.json /var/www/bdgt/releases/20170412154647/assets_manifest_backup as andrew@videolist.com.ua
 DEBUG [d79440f9] Command: cd /var/www/bdgt/releases/20170412154647 && /usr/bin/env cp /var/www/bdgt/releases/20170412154647/public/assets/.sprockets-manifest-6b91f8f3378d547bfc1f890487dcfa1f.json /var/www/bdgt/releases/20170412154647/assets_manifest_backup
  INFO [d79440f9] Finished in 0.112 seconds with exit status 0 (successful).
  INFO [deploy:migrate] Run `rake db:migrate`
 DEBUG [61644616] Running if test ! -d /var/www/bdgt/releases/20170412154647; then echo "Directory does not exist '/var/www/bdgt/releases/20170412154647'" 1>&2; false; fi as andrew@videolist.com.ua
 DEBUG [61644616] Command: if test ! -d /var/www/bdgt/releases/20170412154647; then echo "Directory does not exist '/var/www/bdgt/releases/20170412154647'" 1>&2; false; fi
 DEBUG [61644616] Finished in 0.100 seconds with exit status 0 (successful).
  INFO [17ac3fb2] Running ~/.rvm/bin/rvm 2.3.1@bdgt_rails5 do bundle exec rake db:migrate as andrew@videolist.com.ua
 DEBUG [17ac3fb2] Command: cd /var/www/bdgt/releases/20170412154647 && ( export RAILS_ENV="production" ; ~/.rvm/bin/rvm 2.3.1@bdgt_rails5 do bundle exec rake db:migrate )
  INFO [17ac3fb2] Finished in 3.320 seconds with exit status 0 (successful).
  INFO [3336366a] Running /usr/bin/env ln -s /var/www/bdgt/releases/20170412154647 /var/www/bdgt/releases/current as andrew@videolist.com.ua
 DEBUG [3336366a] Command: /usr/bin/env ln -s /var/www/bdgt/releases/20170412154647 /var/www/bdgt/releases/current
  INFO [3336366a] Finished in 0.101 seconds with exit status 0 (successful).
  INFO [dbd0ab30] Running /usr/bin/env mv /var/www/bdgt/releases/current /var/www/bdgt as andrew@videolist.com.ua
 DEBUG [dbd0ab30] Command: /usr/bin/env mv /var/www/bdgt/releases/current /var/www/bdgt
  INFO [dbd0ab30] Finished in 0.101 seconds with exit status 0 (successful).
  INFO [a341f62b] Running ln -s /var/www/bdgt/releases/20170412154647/vendor/assets/bower_components/font-awesome/fonts /var/www/bdgt/releases/20170412154647/public/fonts as andrew@videolist.com.ua
 DEBUG [a341f62b] Command: ln -s /var/www/bdgt/releases/20170412154647/vendor/assets/bower_components/font-awesome/fonts /var/www/bdgt/releases/20170412154647/public/fonts
  INFO [a341f62b] Finished in 0.100 seconds with exit status 0 (successful).
 DEBUG [4dda9de3] Running if test ! -d /var/www/bdgt/current; then echo "Directory does not exist '/var/www/bdgt/current'" 1>&2; false; fi as andrew@videolist.com.ua
 DEBUG [4dda9de3] Command: if test ! -d /var/www/bdgt/current; then echo "Directory does not exist '/var/www/bdgt/current'" 1>&2; false; fi
 DEBUG [4dda9de3] Finished in 0.098 seconds with exit status 0 (successful).
 DEBUG [d85b3f6d] Running [ -e /var/www/bdgt/shared/unicorn.pid ] && kill -0 `cat /var/www/bdgt/shared/unicorn.pid` as andrew@videolist.com.ua
 DEBUG [d85b3f6d] Command: [ -e /var/www/bdgt/shared/unicorn.pid ] && kill -0 `cat /var/www/bdgt/shared/unicorn.pid`
 DEBUG [d85b3f6d] Finished in 0.101 seconds with exit status 0 (successful).
  INFO unicorn is running...
 DEBUG [829400c1] Running if test ! -d /var/www/bdgt/current; then echo "Directory does not exist '/var/www/bdgt/current'" 1>&2; false; fi as andrew@videolist.com.ua
 DEBUG [829400c1] Command: if test ! -d /var/www/bdgt/current; then echo "Directory does not exist '/var/www/bdgt/current'" 1>&2; false; fi
 DEBUG [829400c1] Finished in 0.099 seconds with exit status 0 (successful).
  INFO unicorn restarting...
  INFO [cfa9719e] Running /usr/bin/env kill -s USR2 `cat /var/www/bdgt/shared/unicorn.pid` as andrew@videolist.com.ua
 DEBUG [cfa9719e] Command: cd /var/www/bdgt/current && /usr/bin/env kill -s USR2 `cat /var/www/bdgt/shared/unicorn.pid`
  INFO [cfa9719e] Finished in 0.103 seconds with exit status 0 (successful).
 DEBUG [2dcfb8d6] Running if test ! -d /var/www/bdgt/releases/20170412154647; then echo "Directory does not exist '/var/www/bdgt/releases/20170412154647'" 1>&2; false; fi as andrew@videolist.com.ua
 DEBUG [2dcfb8d6] Command: if test ! -d /var/www/bdgt/releases/20170412154647; then echo "Directory does not exist '/var/www/bdgt/releases/20170412154647'" 1>&2; false; fi
 DEBUG [2dcfb8d6] Finished in 0.100 seconds with exit status 0 (successful).
  INFO [421ba3ab] Running ~/.rvm/bin/rvm 2.3.1@bdgt_rails5 do bundle exec rake tmp:clear as andrew@videolist.com.ua
 DEBUG [421ba3ab] Command: cd /var/www/bdgt/releases/20170412154647 && ~/.rvm/bin/rvm 2.3.1@bdgt_rails5 do bundle exec rake tmp:clear
  INFO [421ba3ab] Finished in 5.291 seconds with exit status 0 (successful).
 DEBUG [daeb68ad] Running /usr/bin/env ls -xtr /var/www/bdgt/releases as andrew@videolist.com.ua
 DEBUG [daeb68ad] Command: /usr/bin/env ls -xtr /var/www/bdgt/releases
 DEBUG [daeb68ad] 	20170202144153	20170402104839	20170406161353	20170412154647
 DEBUG [daeb68ad] Finished in 0.102 seconds with exit status 0 (successful).
  INFO Keeping 3 of 4 deployed releases on videolist.com.ua
  INFO [07e5dfb5] Running /usr/bin/env rm -rf /var/www/bdgt/releases/20170202144153 as andrew@videolist.com.ua
 DEBUG [07e5dfb5] Command: /usr/bin/env rm -rf /var/www/bdgt/releases/20170202144153
  INFO [07e5dfb5] Finished in 0.195 seconds with exit status 0 (successful).
 DEBUG [649abf37] Running if test ! -d /var/www/bdgt/releases; then echo "Directory does not exist '/var/www/bdgt/releases'" 1>&2; false; fi as andrew@videolist.com.ua
 DEBUG [649abf37] Command: if test ! -d /var/www/bdgt/releases; then echo "Directory does not exist '/var/www/bdgt/releases'" 1>&2; false; fi
 DEBUG [649abf37] Finished in 0.100 seconds with exit status 0 (successful).
  INFO [e6861de9] Running /usr/bin/env echo "Branch master (at cce650027effc6cb8efb35f60d209e3925e0ff6c) deployed as release 20170412154647 by amelchenko" >> /var/www/bdgt/revisions.log as andrew@videolist.com.ua
 DEBUG [e6861de9] Command: cd /var/www/bdgt/releases && /usr/bin/env echo "Branch master (at cce650027effc6cb8efb35f60d209e3925e0ff6c) deployed as release 20170412154647 by amelchenko" >> /var/www/bdgt/revisions.log
  INFO [e6861de9] Finished in 0.103 seconds with exit status 0 (successful).
  INFO ---------------------------------------------------------------------------
  INFO START 2017-04-13 13:33:33 +0300 cap production unicorn:stop
  INFO ---------------------------------------------------------------------------
 DEBUG [41626c19] Running [ -d ~/.rvm ] as andrew@videolist.com.ua
 DEBUG [41626c19] Command: [ -d ~/.rvm ]
 DEBUG [41626c19] Finished in 1.186 seconds with exit status 0 (successful).
 DEBUG [04ca9751] Running ~/.rvm/bin/rvm version as andrew@videolist.com.ua
 DEBUG [04ca9751] Command: ~/.rvm/bin/rvm version
 DEBUG [04ca9751] 	rvm 1.29.1 (latest) by Michal Papis, Piotr Kuczynski, Wayne E. Seguin [https://rvm.io/]
 DEBUG [04ca9751] Finished in 0.784 seconds with exit status 0 (successful).
 DEBUG [3e0b2361] Running ~/.rvm/bin/rvm current as andrew@videolist.com.ua
 DEBUG [3e0b2361] Command: ~/.rvm/bin/rvm current
 DEBUG [3e0b2361] 	ruby-2.3.1
 DEBUG [3e0b2361] Finished in 0.286 seconds with exit status 0 (successful).
 DEBUG [c6ee5b89] Running ~/.rvm/bin/rvm 2.3.1@bdgt_rails5 do ruby --version as andrew@videolist.com.ua
 DEBUG [c6ee5b89] Command: ~/.rvm/bin/rvm 2.3.1@bdgt_rails5 do ruby --version
 DEBUG [c6ee5b89] 	ruby 2.3.1p112 (2016-04-26 revision 54768) [x86_64-linux]
 DEBUG [c6ee5b89] Finished in 0.528 seconds with exit status 0 (successful).
 DEBUG [5ad5d52d] Running if test ! -d /var/www/bdgt/current; then echo "Directory does not exist '/var/www/bdgt/current'" 1>&2; false; fi as andrew@videolist.com.ua
 DEBUG [5ad5d52d] Command: if test ! -d /var/www/bdgt/current; then echo "Directory does not exist '/var/www/bdgt/current'" 1>&2; false; fi
 DEBUG [5ad5d52d] Finished in 0.091 seconds with exit status 0 (successful).
 DEBUG [e4d56492] Running [ -e /var/www/bdgt/shared/unicorn.pid ] as andrew@videolist.com.ua
 DEBUG [e4d56492] Command: [ -e /var/www/bdgt/shared/unicorn.pid ]
 DEBUG [e4d56492] Finished in 0.091 seconds with exit status 0 (successful).
 DEBUG [835a9356] Running kill -0 `cat /var/www/bdgt/shared/unicorn.pid` as andrew@videolist.com.ua
 DEBUG [835a9356] Command: kill -0 `cat /var/www/bdgt/shared/unicorn.pid`
 DEBUG [835a9356] Finished in 0.092 seconds with exit status 0 (successful).
  INFO stopping unicorn...
  INFO [9ed7bd56] Running /usr/bin/env kill -s QUIT `cat /var/www/bdgt/shared/unicorn.pid` as andrew@videolist.com.ua
 DEBUG [9ed7bd56] Command: cd /var/www/bdgt/current && /usr/bin/env kill -s QUIT `cat /var/www/bdgt/shared/unicorn.pid`
  INFO [9ed7bd56] Finished in 0.106 seconds with exit status 0 (successful).
  INFO ---------------------------------------------------------------------------
  INFO START 2017-04-13 13:41:59 +0300 cap production unicorn:start
  INFO ---------------------------------------------------------------------------
 DEBUG [db9f4ff2] Running [ -d ~/.rvm ] as andrew@videolist.com.ua
 DEBUG [db9f4ff2] Command: [ -d ~/.rvm ]
 DEBUG [db9f4ff2] Finished in 0.808 seconds with exit status 0 (successful).
 DEBUG [37c9da66] Running ~/.rvm/bin/rvm version as andrew@videolist.com.ua
 DEBUG [37c9da66] Command: ~/.rvm/bin/rvm version
 DEBUG [37c9da66] 	rvm 1.29.1 (latest) by Michal Papis, Piotr Kuczynski, Wayne E. Seguin [https://rvm.io/]
 DEBUG [37c9da66] Finished in 0.855 seconds with exit status 0 (successful).
 DEBUG [2be4ecd2] Running ~/.rvm/bin/rvm current as andrew@videolist.com.ua
 DEBUG [2be4ecd2] Command: ~/.rvm/bin/rvm current
 DEBUG [2be4ecd2] 	ruby-2.3.1
 DEBUG [2be4ecd2] Finished in 0.380 seconds with exit status 0 (successful).
 DEBUG [131c76ed] Running ~/.rvm/bin/rvm 2.3.1@bdgt_rails5 do ruby --version as andrew@videolist.com.ua
 DEBUG [131c76ed] Command: ~/.rvm/bin/rvm 2.3.1@bdgt_rails5 do ruby --version
 DEBUG [131c76ed] 	ruby 2.3.1p112 (2016-04-26 revision 54768) [x86_64-linux]
 DEBUG [131c76ed] Finished in 0.561 seconds with exit status 0 (successful).
 DEBUG [1d2950f4] Running if test ! -d /var/www/bdgt/current; then echo "Directory does not exist '/var/www/bdgt/current'" 1>&2; false; fi as andrew@videolist.com.ua
 DEBUG [1d2950f4] Command: if test ! -d /var/www/bdgt/current; then echo "Directory does not exist '/var/www/bdgt/current'" 1>&2; false; fi
 DEBUG [1d2950f4] Finished in 0.100 seconds with exit status 0 (successful).
 DEBUG [516aec47] Running [ -e /var/www/bdgt/shared/unicorn.pid ] && kill -0 `cat /var/www/bdgt/shared/unicorn.pid` as andrew@videolist.com.ua
 DEBUG [516aec47] Command: [ -e /var/www/bdgt/shared/unicorn.pid ] && kill -0 `cat /var/www/bdgt/shared/unicorn.pid`
 DEBUG [516aec47] Finished in 0.093 seconds with exit status 1 (failed).
  INFO [281a26cc] Running ~/.rvm/bin/rvm 2.3.1@bdgt_rails5 do bundle exec unicorn -c /var/www/bdgt/current/config/unicorn/production.rb -E deployment -D  as andrew@videolist.com.ua
 DEBUG [281a26cc] Command: cd /var/www/bdgt/current && ( export RAILS_ENV="production" ; ~/.rvm/bin/rvm 2.3.1@bdgt_rails5 do bundle exec unicorn -c /var/www/bdgt/current/config/unicorn/production.rb -E deployment -D  )
  INFO [281a26cc] Finished in 4.188 seconds with exit status 0 (successful).
  INFO ---------------------------------------------------------------------------
  INFO START 2017-04-13 19:40:09 +0300 cap production deploy
  INFO ---------------------------------------------------------------------------
 DEBUG [44f45e07] Running [ -d ~/.rvm ] as andrew@videolist.com.ua
 DEBUG [44f45e07] Command: [ -d ~/.rvm ]
 DEBUG [44f45e07] Finished in 0.887 seconds with exit status 0 (successful).
 DEBUG [e8b4762f] Running ~/.rvm/bin/rvm version as andrew@videolist.com.ua
 DEBUG [e8b4762f] Command: ~/.rvm/bin/rvm version
 DEBUG [e8b4762f] 	rvm 1.29.1 (latest) by Michal Papis, Piotr Kuczynski, Wayne E. Seguin [https://rvm.io/]
 DEBUG [e8b4762f] Finished in 0.820 seconds with exit status 0 (successful).
 DEBUG [de7c98f8] Running ~/.rvm/bin/rvm current as andrew@videolist.com.ua
 DEBUG [de7c98f8] Command: ~/.rvm/bin/rvm current
 DEBUG [de7c98f8] 	ruby-2.3.1
 DEBUG [de7c98f8] Finished in 0.299 seconds with exit status 0 (successful).
 DEBUG [18b20659] Running ~/.rvm/bin/rvm 2.3.1@bdgt_rails5 do ruby --version as andrew@videolist.com.ua
 DEBUG [18b20659] Command: ~/.rvm/bin/rvm 2.3.1@bdgt_rails5 do ruby --version
 DEBUG [18b20659] 	ruby 2.3.1p112 (2016-04-26 revision 54768) [x86_64-linux]
 DEBUG [18b20659] Finished in 0.561 seconds with exit status 0 (successful).
  INFO [d982a19e] Running /usr/bin/env mkdir -p /tmp as andrew@videolist.com.ua
 DEBUG [d982a19e] Command: /usr/bin/env mkdir -p /tmp
  INFO [d982a19e] Finished in 0.095 seconds with exit status 0 (successful).
 DEBUG Uploading /tmp/git-ssh-bdgt-production-amelchenko.sh 0.0%
  INFO Uploading /tmp/git-ssh-bdgt-production-amelchenko.sh 100.0%
  INFO [29666741] Running /usr/bin/env chmod 700 /tmp/git-ssh-bdgt-production-amelchenko.sh as andrew@videolist.com.ua
 DEBUG [29666741] Command: /usr/bin/env chmod 700 /tmp/git-ssh-bdgt-production-amelchenko.sh
  INFO [29666741] Finished in 0.094 seconds with exit status 0 (successful).
  INFO [fadcf8a5] Running /usr/bin/env git ls-remote --heads git@github.com:andrew-hai/bdgt.git as andrew@videolist.com.ua
 DEBUG [fadcf8a5] Command: ( export GIT_ASKPASS="/bin/echo" GIT_SSH="/tmp/git-ssh-bdgt-production-amelchenko.sh" ; /usr/bin/env git ls-remote --heads git@github.com:andrew-hai/bdgt.git )
 DEBUG [fadcf8a5] 	4bc113e0de9c1a6c017ee6e3860dd45172719f83	refs/heads/master
  INFO [fadcf8a5] Finished in 1.337 seconds with exit status 0 (successful).
  INFO [8ca68d00] Running /usr/bin/env mkdir -p /var/www/bdgt/shared /var/www/bdgt/releases as andrew@videolist.com.ua
 DEBUG [8ca68d00] Command: /usr/bin/env mkdir -p /var/www/bdgt/shared /var/www/bdgt/releases
  INFO [8ca68d00] Finished in 0.095 seconds with exit status 0 (successful).
  INFO [84e7fdb6] Running /usr/bin/env mkdir -p /var/www/bdgt/shared/public/assets as andrew@videolist.com.ua
 DEBUG [84e7fdb6] Command: /usr/bin/env mkdir -p /var/www/bdgt/shared/public/assets
  INFO [84e7fdb6] Finished in 0.093 seconds with exit status 0 (successful).
  INFO [76be1f13] Running /usr/bin/env mkdir -p /var/www/bdgt/shared/config as andrew@videolist.com.ua
 DEBUG [76be1f13] Command: /usr/bin/env mkdir -p /var/www/bdgt/shared/config
  INFO [76be1f13] Finished in 0.094 seconds with exit status 0 (successful).
 DEBUG [3230e8a5] Running [ -f /var/www/bdgt/shared/config/database.yml ] as andrew@videolist.com.ua
 DEBUG [3230e8a5] Command: [ -f /var/www/bdgt/shared/config/database.yml ]
 DEBUG [3230e8a5] Finished in 0.092 seconds with exit status 0 (successful).
 DEBUG [956080ae] Running [ -f /var/www/bdgt/shared/config/secrets.yml ] as andrew@videolist.com.ua
 DEBUG [956080ae] Command: [ -f /var/www/bdgt/shared/config/secrets.yml ]
 DEBUG [956080ae] Finished in 0.092 seconds with exit status 0 (successful).
 DEBUG [34862536] Running [ -f /var/www/bdgt/current/REVISION ] as andrew@videolist.com.ua
 DEBUG [34862536] Command: [ -f /var/www/bdgt/current/REVISION ]
 DEBUG [34862536] Finished in 0.092 seconds with exit status 0 (successful).
 DEBUG [b4251976] Running /usr/bin/env cat /var/www/bdgt/current/REVISION 2>/dev/null as andrew@videolist.com.ua
 DEBUG [b4251976] Command: /usr/bin/env cat /var/www/bdgt/current/REVISION 2>/dev/null
 DEBUG [b4251976] 	cce650027effc6cb8efb35f60d209e3925e0ff6c
 DEBUG [b4251976] Finished in 0.095 seconds with exit status 0 (successful).
 DEBUG [0419da28] Running [ -f /var/www/bdgt/repo/HEAD ] as andrew@videolist.com.ua
 DEBUG [0419da28] Command: [ -f /var/www/bdgt/repo/HEAD ]
 DEBUG [0419da28] Finished in 0.093 seconds with exit status 0 (successful).
  INFO The repository mirror is at /var/www/bdgt/repo
 DEBUG [fe8241e9] Running if test ! -d /var/www/bdgt/repo; then echo "Directory does not exist '/var/www/bdgt/repo'" 1>&2; false; fi as andrew@videolist.com.ua
 DEBUG [fe8241e9] Command: if test ! -d /var/www/bdgt/repo; then echo "Directory does not exist '/var/www/bdgt/repo'" 1>&2; false; fi
 DEBUG [fe8241e9] Finished in 0.093 seconds with exit status 0 (successful).
  INFO [a0edb434] Running /usr/bin/env git remote update --prune as andrew@videolist.com.ua
 DEBUG [a0edb434] Command: cd /var/www/bdgt/repo && ( export GIT_ASKPASS="/bin/echo" GIT_SSH="/tmp/git-ssh-bdgt-production-amelchenko.sh" ; /usr/bin/env git remote update --prune )
 DEBUG [a0edb434] 	Fetching origin
 DEBUG [a0edb434] 	From github.com:andrew-hai/bdgt
   cce6500..4bc113e  master     -> master
  INFO [a0edb434] Finished in 1.653 seconds with exit status 0 (successful).
 DEBUG [4a08f975] Running if test ! -d /var/www/bdgt/repo; then echo "Directory does not exist '/var/www/bdgt/repo'" 1>&2; false; fi as andrew@videolist.com.ua
 DEBUG [4a08f975] Command: if test ! -d /var/www/bdgt/repo; then echo "Directory does not exist '/var/www/bdgt/repo'" 1>&2; false; fi
 DEBUG [4a08f975] Finished in 0.093 seconds with exit status 0 (successful).
  INFO [530cee14] Running /usr/bin/env mkdir -p /var/www/bdgt/releases/20170413164014 as andrew@videolist.com.ua
 DEBUG [530cee14] Command: cd /var/www/bdgt/repo && ( export GIT_ASKPASS="/bin/echo" GIT_SSH="/tmp/git-ssh-bdgt-production-amelchenko.sh" ; /usr/bin/env mkdir -p /var/www/bdgt/releases/20170413164014 )
  INFO [530cee14] Finished in 0.098 seconds with exit status 0 (successful).
  INFO [841e3b55] Running /usr/bin/env git archive master | tar -x -f - -C /var/www/bdgt/releases/20170413164014 as andrew@videolist.com.ua
 DEBUG [841e3b55] Command: cd /var/www/bdgt/repo && ( export GIT_ASKPASS="/bin/echo" GIT_SSH="/tmp/git-ssh-bdgt-production-amelchenko.sh" ; /usr/bin/env git archive master | tar -x -f - -C /var/www/bdgt/releases/20170413164014 )
  INFO [841e3b55] Finished in 0.240 seconds with exit status 0 (successful).
 DEBUG [c86cd060] Running if test ! -d /var/www/bdgt/repo; then echo "Directory does not exist '/var/www/bdgt/repo'" 1>&2; false; fi as andrew@videolist.com.ua
 DEBUG [c86cd060] Command: if test ! -d /var/www/bdgt/repo; then echo "Directory does not exist '/var/www/bdgt/repo'" 1>&2; false; fi
 DEBUG [c86cd060] Finished in 0.092 seconds with exit status 0 (successful).
 DEBUG [59788c93] Running /usr/bin/env git rev-list --max-count=1 master as andrew@videolist.com.ua
 DEBUG [59788c93] Command: cd /var/www/bdgt/repo && ( export GIT_ASKPASS="/bin/echo" GIT_SSH="/tmp/git-ssh-bdgt-production-amelchenko.sh" ; /usr/bin/env git rev-list --max-count=1 master )
 DEBUG [59788c93] 	4bc113e0de9c1a6c017ee6e3860dd45172719f83
 DEBUG [59788c93] Finished in 0.098 seconds with exit status 0 (successful).
 DEBUG [abadfe33] Running if test ! -d /var/www/bdgt/releases/20170413164014; then echo "Directory does not exist '/var/www/bdgt/releases/20170413164014'" 1>&2; false; fi as andrew@videolist.com.ua
 DEBUG [abadfe33] Command: if test ! -d /var/www/bdgt/releases/20170413164014; then echo "Directory does not exist '/var/www/bdgt/releases/20170413164014'" 1>&2; false; fi
 DEBUG [abadfe33] Finished in 0.092 seconds with exit status 0 (successful).
  INFO [14ee2773] Running /usr/bin/env echo "4bc113e0de9c1a6c017ee6e3860dd45172719f83" >> REVISION as andrew@videolist.com.ua
 DEBUG [14ee2773] Command: cd /var/www/bdgt/releases/20170413164014 && /usr/bin/env echo "4bc113e0de9c1a6c017ee6e3860dd45172719f83" >> REVISION
  INFO [14ee2773] Finished in 0.095 seconds with exit status 0 (successful).
  INFO [97dc70cc] Running /usr/bin/env mkdir -p /var/www/bdgt/releases/20170413164014/config as andrew@videolist.com.ua
 DEBUG [97dc70cc] Command: /usr/bin/env mkdir -p /var/www/bdgt/releases/20170413164014/config
  INFO [97dc70cc] Finished in 0.094 seconds with exit status 0 (successful).
 DEBUG [124cc045] Running [ -L /var/www/bdgt/releases/20170413164014/config/database.yml ] as andrew@videolist.com.ua
 DEBUG [124cc045] Command: [ -L /var/www/bdgt/releases/20170413164014/config/database.yml ]
 DEBUG [124cc045] Finished in 0.094 seconds with exit status 1 (failed).
 DEBUG [9a14d86e] Running [ -f /var/www/bdgt/releases/20170413164014/config/database.yml ] as andrew@videolist.com.ua
 DEBUG [9a14d86e] Command: [ -f /var/www/bdgt/releases/20170413164014/config/database.yml ]
 DEBUG [9a14d86e] Finished in 0.094 seconds with exit status 1 (failed).
  INFO [4fd99275] Running /usr/bin/env ln -s /var/www/bdgt/shared/config/database.yml /var/www/bdgt/releases/20170413164014/config/database.yml as andrew@videolist.com.ua
 DEBUG [4fd99275] Command: /usr/bin/env ln -s /var/www/bdgt/shared/config/database.yml /var/www/bdgt/releases/20170413164014/config/database.yml
  INFO [4fd99275] Finished in 0.095 seconds with exit status 0 (successful).
 DEBUG [ea678931] Running [ -L /var/www/bdgt/releases/20170413164014/config/secrets.yml ] as andrew@videolist.com.ua
 DEBUG [ea678931] Command: [ -L /var/www/bdgt/releases/20170413164014/config/secrets.yml ]
 DEBUG [ea678931] Finished in 0.092 seconds with exit status 1 (failed).
 DEBUG [38711bab] Running [ -f /var/www/bdgt/releases/20170413164014/config/secrets.yml ] as andrew@videolist.com.ua
 DEBUG [38711bab] Command: [ -f /var/www/bdgt/releases/20170413164014/config/secrets.yml ]
 DEBUG [38711bab] Finished in 0.092 seconds with exit status 1 (failed).
  INFO [e93eb538] Running /usr/bin/env ln -s /var/www/bdgt/shared/config/secrets.yml /var/www/bdgt/releases/20170413164014/config/secrets.yml as andrew@videolist.com.ua
 DEBUG [e93eb538] Command: /usr/bin/env ln -s /var/www/bdgt/shared/config/secrets.yml /var/www/bdgt/releases/20170413164014/config/secrets.yml
  INFO [e93eb538] Finished in 0.093 seconds with exit status 0 (successful).
  INFO [b42fd8a3] Running /usr/bin/env mkdir -p /var/www/bdgt/releases/20170413164014/public as andrew@videolist.com.ua
 DEBUG [b42fd8a3] Command: /usr/bin/env mkdir -p /var/www/bdgt/releases/20170413164014/public
  INFO [b42fd8a3] Finished in 0.095 seconds with exit status 0 (successful).
 DEBUG [8ec660a6] Running [ -L /var/www/bdgt/releases/20170413164014/public/assets ] as andrew@videolist.com.ua
 DEBUG [8ec660a6] Command: [ -L /var/www/bdgt/releases/20170413164014/public/assets ]
 DEBUG [8ec660a6] Finished in 0.092 seconds with exit status 1 (failed).
 DEBUG [a962afac] Running [ -d /var/www/bdgt/releases/20170413164014/public/assets ] as andrew@videolist.com.ua
 DEBUG [a962afac] Command: [ -d /var/www/bdgt/releases/20170413164014/public/assets ]
 DEBUG [a962afac] Finished in 0.092 seconds with exit status 1 (failed).
  INFO [b6ddaefc] Running /usr/bin/env ln -s /var/www/bdgt/shared/public/assets /var/www/bdgt/releases/20170413164014/public/assets as andrew@videolist.com.ua
 DEBUG [b6ddaefc] Command: /usr/bin/env ln -s /var/www/bdgt/shared/public/assets /var/www/bdgt/releases/20170413164014/public/assets
  INFO [b6ddaefc] Finished in 0.090 seconds with exit status 0 (successful).
 DEBUG [f51ec3e1] Running if test ! -d /var/www/bdgt/releases/20170413164014; then echo "Directory does not exist '/var/www/bdgt/releases/20170413164014'" 1>&2; false; fi as andrew@videolist.com.ua
 DEBUG [f51ec3e1] Command: if test ! -d /var/www/bdgt/releases/20170413164014; then echo "Directory does not exist '/var/www/bdgt/releases/20170413164014'" 1>&2; false; fi
 DEBUG [f51ec3e1] Finished in 0.092 seconds with exit status 0 (successful).
  INFO [352e9b72] Running ~/.rvm/bin/rvm 2.3.1@bdgt_rails5 do bundle install --path /var/www/bdgt/shared/bundle --without development test --deployment --quiet as andrew@videolist.com.ua
 DEBUG [352e9b72] Command: cd /var/www/bdgt/releases/20170413164014 && ~/.rvm/bin/rvm 2.3.1@bdgt_rails5 do bundle install --path /var/www/bdgt/shared/bundle --without development test --deployment --quiet
  INFO [352e9b72] Finished in 4.348 seconds with exit status 0 (successful).
 DEBUG [edabcc23] Running if test ! -d /var/www/bdgt/releases/20170413164014; then echo "Directory does not exist '/var/www/bdgt/releases/20170413164014'" 1>&2; false; fi as andrew@videolist.com.ua
 DEBUG [edabcc23] Command: if test ! -d /var/www/bdgt/releases/20170413164014; then echo "Directory does not exist '/var/www/bdgt/releases/20170413164014'" 1>&2; false; fi
 DEBUG [edabcc23] Finished in 0.104 seconds with exit status 0 (successful).
  INFO [53e4eb67] Running ~/.rvm/bin/rvm 2.3.1@bdgt_rails5 do bundle exec rake assets:precompile as andrew@videolist.com.ua
 DEBUG [53e4eb67] Command: cd /var/www/bdgt/releases/20170413164014 && ( export RAILS_ENV="production" ; ~/.rvm/bin/rvm 2.3.1@bdgt_rails5 do bundle exec rake assets:precompile )
  INFO [53e4eb67] Finished in 34.283 seconds with exit status 0 (successful).
 DEBUG [39a36111] Running if test ! -d /var/www/bdgt/releases/20170413164014; then echo "Directory does not exist '/var/www/bdgt/releases/20170413164014'" 1>&2; false; fi as andrew@videolist.com.ua
 DEBUG [39a36111] Command: if test ! -d /var/www/bdgt/releases/20170413164014; then echo "Directory does not exist '/var/www/bdgt/releases/20170413164014'" 1>&2; false; fi
 DEBUG [39a36111] Finished in 0.101 seconds with exit status 0 (successful).
  INFO [d1191979] Running /usr/bin/env mkdir -p /var/www/bdgt/releases/20170413164014/assets_manifest_backup as andrew@videolist.com.ua
 DEBUG [d1191979] Command: cd /var/www/bdgt/releases/20170413164014 && /usr/bin/env mkdir -p /var/www/bdgt/releases/20170413164014/assets_manifest_backup
  INFO [d1191979] Finished in 0.097 seconds with exit status 0 (successful).
 DEBUG [17572c04] Running /usr/bin/env ls /var/www/bdgt/releases/20170413164014/public/assets/.sprockets-manifest* as andrew@videolist.com.ua
 DEBUG [17572c04] Command: cd /var/www/bdgt/releases/20170413164014 && /usr/bin/env ls /var/www/bdgt/releases/20170413164014/public/assets/.sprockets-manifest*
 DEBUG [17572c04] 	/var/www/bdgt/releases/20170413164014/public/assets/.sprockets-manifest-6b91f8f3378d547bfc1f890487dcfa1f.json
 DEBUG [17572c04] Finished in 0.096 seconds with exit status 0 (successful).
 DEBUG [d583836f] Running /usr/bin/env ls /var/www/bdgt/releases/20170413164014/public/assets/.sprockets-manifest* as andrew@videolist.com.ua
 DEBUG [d583836f] Command: cd /var/www/bdgt/releases/20170413164014 && /usr/bin/env ls /var/www/bdgt/releases/20170413164014/public/assets/.sprockets-manifest*
 DEBUG [d583836f] 	/var/www/bdgt/releases/20170413164014/public/assets/.sprockets-manifest-6b91f8f3378d547bfc1f890487dcfa1f.json
 DEBUG [d583836f] Finished in 0.094 seconds with exit status 0 (successful).
  INFO [6ae27c23] Running /usr/bin/env cp /var/www/bdgt/releases/20170413164014/public/assets/.sprockets-manifest-6b91f8f3378d547bfc1f890487dcfa1f.json /var/www/bdgt/releases/20170413164014/assets_manifest_backup as andrew@videolist.com.ua
 DEBUG [6ae27c23] Command: cd /var/www/bdgt/releases/20170413164014 && /usr/bin/env cp /var/www/bdgt/releases/20170413164014/public/assets/.sprockets-manifest-6b91f8f3378d547bfc1f890487dcfa1f.json /var/www/bdgt/releases/20170413164014/assets_manifest_backup
  INFO [6ae27c23] Finished in 0.096 seconds with exit status 0 (successful).
  INFO [deploy:migrate] Run `rake db:migrate`
 DEBUG [2d4949fe] Running if test ! -d /var/www/bdgt/releases/20170413164014; then echo "Directory does not exist '/var/www/bdgt/releases/20170413164014'" 1>&2; false; fi as andrew@videolist.com.ua
 DEBUG [2d4949fe] Command: if test ! -d /var/www/bdgt/releases/20170413164014; then echo "Directory does not exist '/var/www/bdgt/releases/20170413164014'" 1>&2; false; fi
 DEBUG [2d4949fe] Finished in 0.093 seconds with exit status 0 (successful).
  INFO [d6224339] Running ~/.rvm/bin/rvm 2.3.1@bdgt_rails5 do bundle exec rake db:migrate as andrew@videolist.com.ua
 DEBUG [d6224339] Command: cd /var/www/bdgt/releases/20170413164014 && ( export RAILS_ENV="production" ; ~/.rvm/bin/rvm 2.3.1@bdgt_rails5 do bundle exec rake db:migrate )
  INFO [d6224339] Finished in 3.637 seconds with exit status 0 (successful).
  INFO [b8ae1a8b] Running /usr/bin/env ln -s /var/www/bdgt/releases/20170413164014 /var/www/bdgt/releases/current as andrew@videolist.com.ua
 DEBUG [b8ae1a8b] Command: /usr/bin/env ln -s /var/www/bdgt/releases/20170413164014 /var/www/bdgt/releases/current
  INFO [b8ae1a8b] Finished in 0.097 seconds with exit status 0 (successful).
  INFO [c19c894d] Running /usr/bin/env mv /var/www/bdgt/releases/current /var/www/bdgt as andrew@videolist.com.ua
 DEBUG [c19c894d] Command: /usr/bin/env mv /var/www/bdgt/releases/current /var/www/bdgt
  INFO [c19c894d] Finished in 0.095 seconds with exit status 0 (successful).
  INFO [d732af4e] Running ln -s /var/www/bdgt/releases/20170413164014/vendor/assets/bower_components/font-awesome/fonts /var/www/bdgt/releases/20170413164014/public/fonts as andrew@videolist.com.ua
 DEBUG [d732af4e] Command: ln -s /var/www/bdgt/releases/20170413164014/vendor/assets/bower_components/font-awesome/fonts /var/www/bdgt/releases/20170413164014/public/fonts
  INFO [d732af4e] Finished in 0.093 seconds with exit status 0 (successful).
 DEBUG [d63dcebe] Running if test ! -d /var/www/bdgt/current; then echo "Directory does not exist '/var/www/bdgt/current'" 1>&2; false; fi as andrew@videolist.com.ua
 DEBUG [d63dcebe] Command: if test ! -d /var/www/bdgt/current; then echo "Directory does not exist '/var/www/bdgt/current'" 1>&2; false; fi
 DEBUG [d63dcebe] Finished in 0.093 seconds with exit status 0 (successful).
 DEBUG [4e50a0ff] Running [ -e /var/www/bdgt/shared/unicorn.pid ] && kill -0 `cat /var/www/bdgt/shared/unicorn.pid` as andrew@videolist.com.ua
 DEBUG [4e50a0ff] Command: [ -e /var/www/bdgt/shared/unicorn.pid ] && kill -0 `cat /var/www/bdgt/shared/unicorn.pid`
 DEBUG [4e50a0ff] Finished in 0.096 seconds with exit status 0 (successful).
  INFO unicorn is running...
 DEBUG [098f90aa] Running if test ! -d /var/www/bdgt/current; then echo "Directory does not exist '/var/www/bdgt/current'" 1>&2; false; fi as andrew@videolist.com.ua
 DEBUG [098f90aa] Command: if test ! -d /var/www/bdgt/current; then echo "Directory does not exist '/var/www/bdgt/current'" 1>&2; false; fi
 DEBUG [098f90aa] Finished in 0.092 seconds with exit status 0 (successful).
  INFO unicorn restarting...
  INFO [184dc7f6] Running /usr/bin/env kill -s USR2 `cat /var/www/bdgt/shared/unicorn.pid` as andrew@videolist.com.ua
 DEBUG [184dc7f6] Command: cd /var/www/bdgt/current && /usr/bin/env kill -s USR2 `cat /var/www/bdgt/shared/unicorn.pid`
  INFO [184dc7f6] Finished in 0.099 seconds with exit status 0 (successful).
 DEBUG [c142a0ca] Running if test ! -d /var/www/bdgt/releases/20170413164014; then echo "Directory does not exist '/var/www/bdgt/releases/20170413164014'" 1>&2; false; fi as andrew@videolist.com.ua
 DEBUG [c142a0ca] Command: if test ! -d /var/www/bdgt/releases/20170413164014; then echo "Directory does not exist '/var/www/bdgt/releases/20170413164014'" 1>&2; false; fi
 DEBUG [c142a0ca] Finished in 0.098 seconds with exit status 0 (successful).
  INFO [e9429bb3] Running ~/.rvm/bin/rvm 2.3.1@bdgt_rails5 do bundle exec rake tmp:clear as andrew@videolist.com.ua
 DEBUG [e9429bb3] Command: cd /var/www/bdgt/releases/20170413164014 && ~/.rvm/bin/rvm 2.3.1@bdgt_rails5 do bundle exec rake tmp:clear
  INFO [e9429bb3] Finished in 6.014 seconds with exit status 0 (successful).
 DEBUG [9ad45216] Running /usr/bin/env ls -xtr /var/www/bdgt/releases as andrew@videolist.com.ua
 DEBUG [9ad45216] Command: /usr/bin/env ls -xtr /var/www/bdgt/releases
 DEBUG [9ad45216] 	20170402104839	20170406161353	20170412154647	20170413164014
 DEBUG [9ad45216] Finished in 0.096 seconds with exit status 0 (successful).
  INFO Keeping 3 of 4 deployed releases on videolist.com.ua
  INFO [af5cd2aa] Running /usr/bin/env rm -rf /var/www/bdgt/releases/20170402104839 as andrew@videolist.com.ua
 DEBUG [af5cd2aa] Command: /usr/bin/env rm -rf /var/www/bdgt/releases/20170402104839
  INFO [af5cd2aa] Finished in 0.174 seconds with exit status 0 (successful).
 DEBUG [fa396f5e] Running if test ! -d /var/www/bdgt/releases; then echo "Directory does not exist '/var/www/bdgt/releases'" 1>&2; false; fi as andrew@videolist.com.ua
 DEBUG [fa396f5e] Command: if test ! -d /var/www/bdgt/releases; then echo "Directory does not exist '/var/www/bdgt/releases'" 1>&2; false; fi
 DEBUG [fa396f5e] Finished in 0.094 seconds with exit status 0 (successful).
  INFO [3f6f526e] Running /usr/bin/env echo "Branch master (at 4bc113e0de9c1a6c017ee6e3860dd45172719f83) deployed as release 20170413164014 by amelchenko" >> /var/www/bdgt/revisions.log as andrew@videolist.com.ua
 DEBUG [3f6f526e] Command: cd /var/www/bdgt/releases && /usr/bin/env echo "Branch master (at 4bc113e0de9c1a6c017ee6e3860dd45172719f83) deployed as release 20170413164014 by amelchenko" >> /var/www/bdgt/revisions.log
  INFO [3f6f526e] Finished in 0.097 seconds with exit status 0 (successful).
